-------------------------------------------------------------------------------
Test set: com.test.api.GetTest
-------------------------------------------------------------------------------
Tests run: 1, Failures: 1, Errors: 0, Skipped: 0, Time elapsed: 2.619 s <<< FAILURE! - in com.test.api.GetTest
test1(com.test.api.GetTest)  Time elapsed: 2.046 s  <<< FAILURE!
java.lang.AssertionError: 
1 expectation failed.
JSON path data.first_name doesn't match.
Expected: Lindsay
  Actual: [Michael, Lindsay, Tobias, Byron, George, Rachel]

	at com.test.api.GetTest.test1(GetTest.java:18)

