<?xml version="1.0" encoding="UTF-8"?>
<testsuite xmlns:xsi="http://www.w3.org/2001/XMLSchema-instance" xsi:noNamespaceSchemaLocation="https://maven.apache.org/surefire/maven-surefire-plugin/xsd/surefire-test-report.xsd" name="com.test.api.GetTest" time="2.619" tests="1" errors="0" skipped="0" failures="1">
  <properties>
[...]
</properties>
  <testcase name="test1" classname="com.test.api.GetTest" time="2.046">
    <failure message="1 expectation failed.&#10;JSON path data.first_name doesn&apos;t match.&#10;Expected: Lindsay&#10;  Actual: [Michael, Lindsay, Tobias, Byron, George, Rachel]&#10;" type="java.lang.AssertionError">java.lang.AssertionError: 
1 expectation failed.
JSON path data.first_name doesn't match.
Expected: Lindsay
  Actual: [Michael, Lindsay, Tobias, Byron, George, Rachel]

	at com.test.api.GetTest.test1(GetTest.java:18)
</failure>
  </testcase>
</testsuite>